{"C:\\Users\\jorge_olm61dd\\OneDrive\\Documentos\\jorge\\TemasEstudiar\\REACT\\02-first-steps\\src\\main.tsx": {"path":"C:\\Users\\jorge_olm61dd\\OneDrive\\Documentos\\jorge\\TemasEstudiar\\REACT\\02-first-steps\\src\\main.tsx","all":true,"statementMap":{"0":{"start":{"line":1,"column":0},"end":{"line":1,"column":35}},"1":{"start":{"line":2,"column":0},"end":{"line":2,"column":46}},"4":{"start":{"line":5,"column":0},"end":{"line":5,"column":99}},"6":{"start":{"line":7,"column":0},"end":{"line":7,"column":52}},"7":{"start":{"line":8,"column":0},"end":{"line":8,"column":14}},"10":{"start":{"line":11,"column":0},"end":{"line":11,"column":29}}},"s":{"0":0,"1":0,"4":0,"6":0,"7":0,"10":0},"branchMap":{"0":{"type":"branch","line":1,"loc":{"start":{"line":1,"column":492},"end":{"line":13,"column":2}},"locations":[{"start":{"line":1,"column":492},"end":{"line":13,"column":2}}]}},"b":{"0":[0]},"fnMap":{"0":{"name":"(empty-report)","decl":{"start":{"line":1,"column":492},"end":{"line":13,"column":2}},"loc":{"start":{"line":1,"column":492},"end":{"line":13,"column":2}},"line":1}},"f":{"0":0}}
,"C:\\Users\\jorge_olm61dd\\OneDrive\\Documentos\\jorge\\TemasEstudiar\\REACT\\02-first-steps\\src\\components\\FirstStepsApp.tsx": {"path":"C:\\Users\\jorge_olm61dd\\OneDrive\\Documentos\\jorge\\TemasEstudiar\\REACT\\02-first-steps\\src\\components\\FirstStepsApp.tsx","all":true,"statementMap":{"0":{"start":{"line":1,"column":0},"end":{"line":1,"column":33}},"1":{"start":{"line":2,"column":0},"end":{"line":2,"column":10}},"2":{"start":{"line":3,"column":0},"end":{"line":3,"column":6}},"3":{"start":{"line":4,"column":0},"end":{"line":4,"column":26}},"4":{"start":{"line":5,"column":0},"end":{"line":5,"column":31}},"5":{"start":{"line":6,"column":0},"end":{"line":6,"column":31}},"6":{"start":{"line":7,"column":0},"end":{"line":7,"column":11}},"7":{"start":{"line":8,"column":0},"end":{"line":8,"column":38}},"11":{"start":{"line":12,"column":0},"end":{"line":12,"column":1}}},"s":{"0":0,"1":0,"2":0,"3":0,"4":0,"5":0,"6":0,"7":0,"11":0},"branchMap":{"0":{"type":"branch","line":1,"loc":{"start":{"line":1,"column":232},"end":{"line":12,"column":1}},"locations":[{"start":{"line":1,"column":232},"end":{"line":12,"column":1}}]}},"b":{"0":[0]},"fnMap":{"0":{"name":"(empty-report)","decl":{"start":{"line":1,"column":232},"end":{"line":12,"column":1}},"loc":{"start":{"line":1,"column":232},"end":{"line":12,"column":1}},"line":1}},"f":{"0":0}}
,"C:\\Users\\jorge_olm61dd\\OneDrive\\Documentos\\jorge\\TemasEstudiar\\REACT\\02-first-steps\\src\\components\\first-embebed-component\\FirstEmbebedComponent.tsx": {"path":"C:\\Users\\jorge_olm61dd\\OneDrive\\Documentos\\jorge\\TemasEstudiar\\REACT\\02-first-steps\\src\\components\\first-embebed-component\\FirstEmbebedComponent.tsx","all":false,"statementMap":{"0":{"start":{"line":1,"column":0},"end":{"line":1,"column":59}},"7":{"start":{"line":8,"column":0},"end":{"line":8,"column":35}},"8":{"start":{"line":9,"column":0},"end":{"line":9,"column":3}},"9":{"start":{"line":10,"column":0},"end":{"line":10,"column":32}},"10":{"start":{"line":11,"column":0},"end":{"line":11,"column":16}},"11":{"start":{"line":12,"column":0},"end":{"line":12,"column":4}},"12":{"start":{"line":13,"column":0},"end":{"line":13,"column":3}},"13":{"start":{"line":14,"column":0},"end":{"line":14,"column":34}},"14":{"start":{"line":15,"column":0},"end":{"line":15,"column":17}},"15":{"start":{"line":16,"column":0},"end":{"line":16,"column":4}},"16":{"start":{"line":17,"column":0},"end":{"line":17,"column":3}},"17":{"start":{"line":18,"column":0},"end":{"line":18,"column":30}},"18":{"start":{"line":19,"column":0},"end":{"line":19,"column":16}},"19":{"start":{"line":20,"column":0},"end":{"line":20,"column":4}},"20":{"start":{"line":21,"column":0},"end":{"line":21,"column":2}},"22":{"start":{"line":23,"column":0},"end":{"line":23,"column":33}},"23":{"start":{"line":24,"column":0},"end":{"line":24,"column":44}},"24":{"start":{"line":25,"column":0},"end":{"line":25,"column":33}},"25":{"start":{"line":26,"column":0},"end":{"line":26,"column":44}},"26":{"start":{"line":27,"column":0},"end":{"line":27,"column":10}},"27":{"start":{"line":28,"column":0},"end":{"line":28,"column":12}},"28":{"start":{"line":29,"column":0},"end":{"line":29,"column":14}},"29":{"start":{"line":30,"column":0},"end":{"line":30,"column":24}},"30":{"start":{"line":31,"column":0},"end":{"line":31,"column":32}},"31":{"start":{"line":32,"column":0},"end":{"line":32,"column":16}},"32":{"start":{"line":33,"column":0},"end":{"line":33,"column":8}},"34":{"start":{"line":35,"column":0},"end":{"line":35,"column":33}},"35":{"start":{"line":36,"column":0},"end":{"line":36,"column":57}},"36":{"start":{"line":37,"column":0},"end":{"line":37,"column":56}},"37":{"start":{"line":38,"column":0},"end":{"line":38,"column":52}},"38":{"start":{"line":39,"column":0},"end":{"line":39,"column":57}},"39":{"start":{"line":40,"column":0},"end":{"line":40,"column":55}},"40":{"start":{"line":41,"column":0},"end":{"line":41,"column":80}},"44":{"start":{"line":45,"column":0},"end":{"line":45,"column":2}}},"s":{"0":1,"7":1,"8":1,"9":1,"10":1,"11":1,"12":1,"13":1,"14":1,"15":1,"16":1,"17":1,"18":1,"19":1,"20":1,"22":1,"23":1,"24":1,"25":1,"26":3,"27":3,"28":3,"29":3,"30":3,"31":3,"32":3,"34":3,"35":3,"36":3,"37":3,"38":3,"39":3,"40":3,"44":3},"branchMap":{"0":{"type":"branch","line":26,"loc":{"start":{"line":26,"column":37},"end":{"line":45,"column":2}},"locations":[{"start":{"line":26,"column":37},"end":{"line":45,"column":2}}]}},"b":{"0":[3]},"fnMap":{"0":{"name":"FirstEmbebedComponent","decl":{"start":{"line":26,"column":37},"end":{"line":45,"column":2}},"loc":{"start":{"line":26,"column":37},"end":{"line":45,"column":2}},"line":26}},"f":{"0":3}}
,"C:\\Users\\jorge_olm61dd\\OneDrive\\Documentos\\jorge\\TemasEstudiar\\REACT\\02-first-steps\\src\\components\\my-awesome-app\\MyAwesomeApp.tsx": {"path":"C:\\Users\\jorge_olm61dd\\OneDrive\\Documentos\\jorge\\TemasEstudiar\\REACT\\02-first-steps\\src\\components\\my-awesome-app\\MyAwesomeApp.tsx","all":false,"statementMap":{"2":{"start":{"line":3,"column":0},"end":{"line":3,"column":73}},"3":{"start":{"line":4,"column":0},"end":{"line":4,"column":118}},"4":{"start":{"line":5,"column":0},"end":{"line":5,"column":26}},"5":{"start":{"line":6,"column":0},"end":{"line":6,"column":25}},"6":{"start":{"line":7,"column":0},"end":{"line":7,"column":43}},"7":{"start":{"line":8,"column":0},"end":{"line":8,"column":76}},"8":{"start":{"line":9,"column":0},"end":{"line":9,"column":42}},"9":{"start":{"line":10,"column":0},"end":{"line":10,"column":17}},"10":{"start":{"line":11,"column":0},"end":{"line":11,"column":21}},"11":{"start":{"line":12,"column":0},"end":{"line":12,"column":20}},"12":{"start":{"line":13,"column":0},"end":{"line":13,"column":2}},"14":{"start":{"line":15,"column":0},"end":{"line":15,"column":53}},"15":{"start":{"line":16,"column":0},"end":{"line":16,"column":33}},"16":{"start":{"line":17,"column":0},"end":{"line":17,"column":26}},"17":{"start":{"line":18,"column":0},"end":{"line":18,"column":17}},"18":{"start":{"line":19,"column":0},"end":{"line":19,"column":23}},"19":{"start":{"line":20,"column":0},"end":{"line":20,"column":14}},"20":{"start":{"line":21,"column":0},"end":{"line":21,"column":2}},"22":{"start":{"line":23,"column":0},"end":{"line":23,"column":32}},"23":{"start":{"line":24,"column":0},"end":{"line":24,"column":10}},"24":{"start":{"line":25,"column":0},"end":{"line":25,"column":31}},"25":{"start":{"line":26,"column":0},"end":{"line":26,"column":25}},"26":{"start":{"line":27,"column":0},"end":{"line":27,"column":57}},"27":{"start":{"line":28,"column":0},"end":{"line":28,"column":56}},"28":{"start":{"line":29,"column":0},"end":{"line":29,"column":34}},"31":{"start":{"line":32,"column":0},"end":{"line":32,"column":50}},"33":{"start":{"line":34,"column":0},"end":{"line":34,"column":8}},"34":{"start":{"line":35,"column":0},"end":{"line":35,"column":16}},"35":{"start":{"line":36,"column":0},"end":{"line":36,"column":33}},"36":{"start":{"line":37,"column":0},"end":{"line":37,"column":27}},"37":{"start":{"line":38,"column":0},"end":{"line":38,"column":26}},"38":{"start":{"line":39,"column":0},"end":{"line":39,"column":25}},"39":{"start":{"line":40,"column":0},"end":{"line":40,"column":10}},"41":{"start":{"line":42,"column":0},"end":{"line":42,"column":33}},"45":{"start":{"line":46,"column":0},"end":{"line":46,"column":1}}},"s":{"2":1,"3":1,"4":1,"5":1,"6":1,"7":1,"8":1,"9":1,"10":1,"11":1,"12":1,"14":1,"15":1,"16":1,"17":1,"18":1,"19":1,"20":1,"22":1,"23":4,"24":4,"25":4,"26":4,"27":4,"28":4,"31":4,"33":4,"34":4,"35":4,"36":4,"37":4,"38":4,"39":4,"41":4,"45":4},"branchMap":{"0":{"type":"branch","line":23,"loc":{"start":{"line":23,"column":7},"end":{"line":46,"column":1}},"locations":[{"start":{"line":23,"column":7},"end":{"line":46,"column":1}}]},"1":{"type":"branch","line":32,"loc":{"start":{"line":32,"column":22},"end":{"line":32,"column":50}},"locations":[{"start":{"line":32,"column":22},"end":{"line":32,"column":50}}]}},"b":{"0":[4],"1":[0]},"fnMap":{"0":{"name":"MyAwesomeApp","decl":{"start":{"line":23,"column":7},"end":{"line":46,"column":1}},"loc":{"start":{"line":23,"column":7},"end":{"line":46,"column":1}},"line":23}},"f":{"0":4}}
,"C:\\Users\\jorge_olm61dd\\OneDrive\\Documentos\\jorge\\TemasEstudiar\\REACT\\02-first-steps\\src\\components\\shopping-cart\\ItemCounter.tsx": {"path":"C:\\Users\\jorge_olm61dd\\OneDrive\\Documentos\\jorge\\TemasEstudiar\\REACT\\02-first-steps\\src\\components\\shopping-cart\\ItemCounter.tsx","all":false,"statementMap":{"0":{"start":{"line":1,"column":0},"end":{"line":1,"column":33}},"2":{"start":{"line":3,"column":0},"end":{"line":3,"column":30}},"3":{"start":{"line":4,"column":0},"end":{"line":4,"column":27}},"4":{"start":{"line":5,"column":0},"end":{"line":5,"column":22}},"5":{"start":{"line":6,"column":0},"end":{"line":6,"column":52}},"12":{"start":{"line":13,"column":0},"end":{"line":13,"column":63}},"13":{"start":{"line":14,"column":0},"end":{"line":14,"column":48}},"14":{"start":{"line":15,"column":0},"end":{"line":15,"column":65}},"16":{"start":{"line":17,"column":0},"end":{"line":17,"column":27}},"17":{"start":{"line":18,"column":0},"end":{"line":18,"column":24}},"18":{"start":{"line":19,"column":0},"end":{"line":19,"column":4}},"19":{"start":{"line":20,"column":0},"end":{"line":20,"column":32}},"20":{"start":{"line":21,"column":0},"end":{"line":21,"column":27}},"21":{"start":{"line":22,"column":0},"end":{"line":22,"column":24}},"22":{"start":{"line":23,"column":0},"end":{"line":23,"column":4}},"24":{"start":{"line":25,"column":0},"end":{"line":25,"column":10}},"25":{"start":{"line":26,"column":0},"end":{"line":26,"column":34}},"26":{"start":{"line":27,"column":0},"end":{"line":27,"column":11}},"27":{"start":{"line":28,"column":0},"end":{"line":28,"column":16}},"28":{"start":{"line":29,"column":0},"end":{"line":29,"column":47}},"29":{"start":{"line":30,"column":0},"end":{"line":30,"column":10}},"30":{"start":{"line":31,"column":0},"end":{"line":31,"column":30}},"32":{"start":{"line":33,"column":0},"end":{"line":33,"column":14}},"34":{"start":{"line":35,"column":0},"end":{"line":35,"column":45}},"35":{"start":{"line":36,"column":0},"end":{"line":36,"column":11}},"36":{"start":{"line":37,"column":0},"end":{"line":37,"column":16}},"37":{"start":{"line":38,"column":0},"end":{"line":38,"column":20}},"38":{"start":{"line":39,"column":0},"end":{"line":39,"column":30}},"39":{"start":{"line":40,"column":0},"end":{"line":40,"column":10}},"40":{"start":{"line":41,"column":0},"end":{"line":41,"column":49}},"42":{"start":{"line":43,"column":0},"end":{"line":43,"column":15}},"44":{"start":{"line":45,"column":0},"end":{"line":45,"column":50}},"47":{"start":{"line":48,"column":0},"end":{"line":48,"column":2}}},"s":{"0":1,"2":1,"3":1,"4":1,"5":1,"12":1,"13":9,"14":9,"16":9,"17":1,"18":1,"19":9,"20":2,"21":1,"22":1,"24":9,"25":9,"26":9,"27":9,"28":9,"29":9,"30":9,"32":9,"34":9,"35":9,"36":9,"37":9,"38":9,"39":9,"40":9,"42":9,"44":9,"47":9},"branchMap":{"0":{"type":"branch","line":13,"loc":{"start":{"line":13,"column":27},"end":{"line":48,"column":2}},"locations":[{"start":{"line":13,"column":27},"end":{"line":48,"column":2}}]},"1":{"type":"branch","line":29,"loc":{"start":{"line":29,"column":27},"end":{"line":29,"column":39}},"locations":[{"start":{"line":29,"column":27},"end":{"line":29,"column":39}}]},"2":{"type":"branch","line":29,"loc":{"start":{"line":29,"column":31},"end":{"line":29,"column":47}},"locations":[{"start":{"line":29,"column":31},"end":{"line":29,"column":47}}]},"3":{"type":"branch","line":41,"loc":{"start":{"line":41,"column":29},"end":{"line":41,"column":43}},"locations":[{"start":{"line":41,"column":29},"end":{"line":41,"column":43}}]},"4":{"type":"branch","line":41,"loc":{"start":{"line":41,"column":43},"end":{"line":41,"column":49}},"locations":[{"start":{"line":41,"column":43},"end":{"line":41,"column":49}}]},"5":{"type":"branch","line":17,"loc":{"start":{"line":17,"column":20},"end":{"line":19,"column":4}},"locations":[{"start":{"line":17,"column":20},"end":{"line":19,"column":4}}]},"6":{"type":"branch","line":20,"loc":{"start":{"line":20,"column":25},"end":{"line":23,"column":4}},"locations":[{"start":{"line":20,"column":25},"end":{"line":23,"column":4}}]},"7":{"type":"branch","line":21,"loc":{"start":{"line":21,"column":20},"end":{"line":23,"column":4}},"locations":[{"start":{"line":21,"column":20},"end":{"line":23,"column":4}}]}},"b":{"0":[9],"1":[4],"2":[5],"3":[4],"4":[5],"5":[1],"6":[2],"7":[1]},"fnMap":{"0":{"name":"ItemCounter","decl":{"start":{"line":13,"column":27},"end":{"line":48,"column":2}},"loc":{"start":{"line":13,"column":27},"end":{"line":48,"column":2}},"line":13},"1":{"name":"handleAdd","decl":{"start":{"line":17,"column":20},"end":{"line":19,"column":4}},"loc":{"start":{"line":17,"column":20},"end":{"line":19,"column":4}},"line":17},"2":{"name":"handleSubtract","decl":{"start":{"line":20,"column":25},"end":{"line":23,"column":4}},"loc":{"start":{"line":20,"column":25},"end":{"line":23,"column":4}},"line":20}},"f":{"0":9,"1":1,"2":2}}
,"C:\\Users\\jorge_olm61dd\\OneDrive\\Documentos\\jorge\\TemasEstudiar\\REACT\\02-first-steps\\src\\helpers\\math.helper.ts": {"path":"C:\\Users\\jorge_olm61dd\\OneDrive\\Documentos\\jorge\\TemasEstudiar\\REACT\\02-first-steps\\src\\helpers\\math.helper.ts","all":false,"statementMap":{"0":{"start":{"line":1,"column":0},"end":{"line":1,"column":46}},"1":{"start":{"line":2,"column":0},"end":{"line":2,"column":15}},"2":{"start":{"line":3,"column":0},"end":{"line":3,"column":2}},"4":{"start":{"line":5,"column":0},"end":{"line":5,"column":51}},"5":{"start":{"line":6,"column":0},"end":{"line":6,"column":15}},"6":{"start":{"line":7,"column":0},"end":{"line":7,"column":2}},"8":{"start":{"line":9,"column":0},"end":{"line":9,"column":51}},"9":{"start":{"line":10,"column":0},"end":{"line":10,"column":15}},"10":{"start":{"line":11,"column":0},"end":{"line":11,"column":2}},"12":{"start":{"line":13,"column":0},"end":{"line":13,"column":49}},"13":{"start":{"line":14,"column":0},"end":{"line":14,"column":15}},"14":{"start":{"line":15,"column":0},"end":{"line":15,"column":2}}},"s":{"0":1,"1":2,"2":2,"4":1,"5":2,"6":2,"8":1,"9":2,"10":2,"12":1,"13":0,"14":0},"branchMap":{"0":{"type":"branch","line":1,"loc":{"start":{"line":1,"column":19},"end":{"line":3,"column":2}},"locations":[{"start":{"line":1,"column":19},"end":{"line":3,"column":2}}]},"1":{"type":"branch","line":5,"loc":{"start":{"line":5,"column":24},"end":{"line":7,"column":2}},"locations":[{"start":{"line":5,"column":24},"end":{"line":7,"column":2}}]},"2":{"type":"branch","line":9,"loc":{"start":{"line":9,"column":24},"end":{"line":11,"column":2}},"locations":[{"start":{"line":9,"column":24},"end":{"line":11,"column":2}}]}},"b":{"0":[2],"1":[2],"2":[2]},"fnMap":{"0":{"name":"add","decl":{"start":{"line":1,"column":19},"end":{"line":3,"column":2}},"loc":{"start":{"line":1,"column":19},"end":{"line":3,"column":2}},"line":1},"1":{"name":"subtract","decl":{"start":{"line":5,"column":24},"end":{"line":7,"column":2}},"loc":{"start":{"line":5,"column":24},"end":{"line":7,"column":2}},"line":5},"2":{"name":"multiply","decl":{"start":{"line":9,"column":24},"end":{"line":11,"column":2}},"loc":{"start":{"line":9,"column":24},"end":{"line":11,"column":2}},"line":9},"3":{"name":"divide","decl":{"start":{"line":13,"column":22},"end":{"line":15,"column":2}},"loc":{"start":{"line":13,"column":22},"end":{"line":15,"column":2}},"line":13}},"f":{"0":2,"1":2,"2":2,"3":0}}
}
